<?xml version="1.0" encoding="UTF-8"?>
<!-- Generated by org.testng.reporters.JUnitXMLReporter -->
<testsuite hostname="SYSTEM-C206" ignored="0" name="Test" tests="3" failures="1" timestamp="06 May 2019 11:25:14 GMT" time="34.238" errors="0">
  <testcase name="Verify_Beta_Domain_Details_Api" time="1.492" classname="FirstApp.com.FirstAPP.Beta_Domain_Details_Api"/>
  <testcase name="Verify_Beta_CheckAvailabilityApi" time="0.715" classname="FirstApp.com.FirstAPP.Beta_Check_Availability_Api">
    <failure type="java.lang.NullPointerException">
      <![CDATA[java.lang.NullPointerException
	at FirstApp.com.FirstAPP.Beta_Check_Availability_Api.Verify_Beta_CheckAvailabilityApi(Beta_Check_Availability_Api.java:87)
... Removed 25 stack frames]]>
    </failure>
  </testcase> <!-- Verify_Beta_CheckAvailabilityApi -->
  <testcase name="Verify_Beta_MobileResponsiveApi" time="31.705" classname="FirstApp.com.FirstAPP.Beta_MobileResponsiveApi"/>
</testsuite> <!-- Test -->
