<?xml version="1.0" encoding="UTF-8"?>
<!-- Generated by org.testng.reporters.JUnitXMLReporter -->
<testsuite ignored="0" hostname="SYSTEM-C206" failures="1" tests="3" name="Test" time="30.498" errors="0" timestamp="28 Aug 2019 10:00:48 GMT">
  <testcase classname="FirstApp.com.FirstAPP.Beta_Domain_Details_Api" name="Verify_Beta_Domain_Details_Api" time="1.347"/>
  <testcase classname="FirstApp.com.FirstAPP.Beta_Check_Availability_Api" name="Verify_Beta_CheckAvailabilityApi" time="0.497">
    <failure type="java.lang.NullPointerException">
      <![CDATA[java.lang.NullPointerException
	at FirstApp.com.FirstAPP.Beta_Check_Availability_Api.Verify_Beta_CheckAvailabilityApi(Beta_Check_Availability_Api.java:70)
... Removed 29 stack frames]]>
    </failure>
  </testcase> <!-- Verify_Beta_CheckAvailabilityApi -->
  <testcase classname="FirstApp.com.FirstAPP.Beta_MobileResponsiveApi" name="Verify_Beta_MobileResponsiveApi" time="28.323"/>
</testsuite> <!-- Test -->
