<?xml version="1.0" encoding="UTF-8"?>
<testng-results ignored="0" total="3" passed="2" failed="1" skipped="0">
  <reporter-output>
  </reporter-output>
  <suite started-at="2019-08-28T10:00:18Z" name="Suite" finished-at="2019-08-28T10:00:48Z" duration-ms="30498">
    <groups>
    </groups>
    <test started-at="2019-08-28T10:00:18Z" name="Test" finished-at="2019-08-28T10:00:48Z" duration-ms="30498">
      <class name="FirstApp.com.FirstAPP.Beta_Domain_Details_Api">
        <test-method is-config="true" signature="setBaseUri()[pri:0, instance:FirstApp.com.FirstAPP.Beta_Domain_Details_Api@5ea434c8]" started-at="2019-08-28T15:30:18Z" name="setBaseUri" finished-at="2019-08-28T15:30:18Z" duration-ms="313" status="PASS">
          <reporter-output>
          </reporter-output>
        </test-method> <!-- setBaseUri -->
        <test-method signature="Verify_Beta_Domain_Details_Api()[pri:0, instance:FirstApp.com.FirstAPP.Beta_Domain_Details_Api@5ea434c8]" started-at="2019-08-28T15:30:18Z" name="Verify_Beta_Domain_Details_Api" finished-at="2019-08-28T15:30:19Z" duration-ms="1347" status="PASS">
          <reporter-output>
          </reporter-output>
        </test-method> <!-- Verify_Beta_Domain_Details_Api -->
      </class> <!-- FirstApp.com.FirstAPP.Beta_Domain_Details_Api -->
      <class name="FirstApp.com.FirstAPP.Beta_Check_Availability_Api">
        <test-method signature="Verify_Beta_CheckAvailabilityApi()[pri:0, instance:FirstApp.com.FirstAPP.Beta_Check_Availability_Api@3bbc39f8]" started-at="2019-08-28T15:30:19Z" name="Verify_Beta_CheckAvailabilityApi" finished-at="2019-08-28T15:30:20Z" duration-ms="497" status="FAIL">
          <exception class="java.lang.NullPointerException">
            <full-stacktrace>
              <![CDATA[java.lang.NullPointerException
	at FirstApp.com.FirstAPP.Beta_Check_Availability_Api.Verify_Beta_CheckAvailabilityApi(Beta_Check_Availability_Api.java:70)
	at java.base/jdk.internal.reflect.NativeMethodAccessorImpl.invoke0(Native Method)
	at java.base/jdk.internal.reflect.NativeMethodAccessorImpl.invoke(NativeMethodAccessorImpl.java:62)
	at java.base/jdk.internal.reflect.DelegatingMethodAccessorImpl.invoke(DelegatingMethodAccessorImpl.java:43)
	at java.base/java.lang.reflect.Method.invoke(Method.java:567)
	at org.testng.internal.MethodInvocationHelper.invokeMethod(MethodInvocationHelper.java:104)
	at org.testng.internal.Invoker.invokeMethod(Invoker.java:645)
	at org.testng.internal.Invoker.invokeTestMethod(Invoker.java:851)
	at org.testng.internal.Invoker.invokeTestMethods(Invoker.java:1177)
	at org.testng.internal.TestMethodWorker.invokeTestMethods(TestMethodWorker.java:129)
	at org.testng.internal.TestMethodWorker.run(TestMethodWorker.java:112)
	at org.testng.TestRunner.privateRun(TestRunner.java:756)
	at org.testng.TestRunner.run(TestRunner.java:610)
	at org.testng.SuiteRunner.runTest(SuiteRunner.java:387)
	at org.testng.SuiteRunner.runSequentially(SuiteRunner.java:382)
	at org.testng.SuiteRunner.privateRun(SuiteRunner.java:340)
	at org.testng.SuiteRunner.run(SuiteRunner.java:289)
	at org.testng.SuiteRunnerWorker.runSuite(SuiteRunnerWorker.java:52)
	at org.testng.SuiteRunnerWorker.run(SuiteRunnerWorker.java:86)
	at org.testng.TestNG.runSuitesSequentially(TestNG.java:1293)
	at org.testng.TestNG.runSuitesLocally(TestNG.java:1218)
	at org.testng.TestNG.runSuites(TestNG.java:1133)
	at org.testng.TestNG.run(TestNG.java:1104)
	at org.apache.maven.surefire.testng.TestNGExecutor.run(TestNGExecutor.java:283)
	at org.apache.maven.surefire.testng.TestNGXmlTestSuite.execute(TestNGXmlTestSuite.java:75)
	at org.apache.maven.surefire.testng.TestNGProvider.invoke(TestNGProvider.java:120)
	at org.apache.maven.surefire.booter.ForkedBooter.invokeProviderInSameClassLoader(ForkedBooter.java:384)
	at org.apache.maven.surefire.booter.ForkedBooter.runSuitesInProcess(ForkedBooter.java:345)
	at org.apache.maven.surefire.booter.ForkedBooter.execute(ForkedBooter.java:126)
	at org.apache.maven.surefire.booter.ForkedBooter.main(ForkedBooter.java:418)
]]>
            </full-stacktrace>
          </exception> <!-- java.lang.NullPointerException -->
          <reporter-output>
          </reporter-output>
        </test-method> <!-- Verify_Beta_CheckAvailabilityApi -->
        <test-method is-config="true" signature="setBaseUri()[pri:0, instance:FirstApp.com.FirstAPP.Beta_Check_Availability_Api@3bbc39f8]" started-at="2019-08-28T15:30:19Z" name="setBaseUri" finished-at="2019-08-28T15:30:19Z" duration-ms="0" status="PASS">
          <reporter-output>
          </reporter-output>
        </test-method> <!-- setBaseUri -->
        <test-method is-config="true" signature="Quit()[pri:0, instance:FirstApp.com.FirstAPP.Beta_Check_Availability_Api@3bbc39f8]" started-at="2019-08-28T15:30:20Z" name="Quit" finished-at="2019-08-28T15:30:20Z" duration-ms="0" status="PASS">
          <reporter-output>
          </reporter-output>
        </test-method> <!-- Quit -->
      </class> <!-- FirstApp.com.FirstAPP.Beta_Check_Availability_Api -->
      <class name="FirstApp.com.FirstAPP.Beta_MobileResponsiveApi">
        <test-method is-config="true" signature="setBaseUri()[pri:0, instance:FirstApp.com.FirstAPP.Beta_MobileResponsiveApi@4ae3c1cd]" started-at="2019-08-28T15:30:20Z" name="setBaseUri" finished-at="2019-08-28T15:30:20Z" duration-ms="0" status="PASS">
          <reporter-output>
          </reporter-output>
        </test-method> <!-- setBaseUri -->
        <test-method signature="Verify_Beta_MobileResponsiveApi()[pri:0, instance:FirstApp.com.FirstAPP.Beta_MobileResponsiveApi@4ae3c1cd]" started-at="2019-08-28T15:30:20Z" name="Verify_Beta_MobileResponsiveApi" finished-at="2019-08-28T15:30:48Z" duration-ms="28323" status="PASS">
          <reporter-output>
          </reporter-output>
        </test-method> <!-- Verify_Beta_MobileResponsiveApi -->
        <test-method is-config="true" signature="Quit()[pri:0, instance:FirstApp.com.FirstAPP.Beta_MobileResponsiveApi@4ae3c1cd]" started-at="2019-08-28T15:30:48Z" name="Quit" finished-at="2019-08-28T15:30:48Z" duration-ms="1" status="PASS">
          <reporter-output>
          </reporter-output>
        </test-method> <!-- Quit -->
      </class> <!-- FirstApp.com.FirstAPP.Beta_MobileResponsiveApi -->
    </test> <!-- Test -->
  </suite> <!-- Suite -->
</testng-results>
