-------------------------------------------------------------------------------
Test set: TestSuite
-------------------------------------------------------------------------------
Tests run: 3, Failures: 1, Errors: 0, Skipped: 0, Time elapsed: 30.875 s <<< FAILURE! - in TestSuite
Verify_Beta_CheckAvailabilityApi(FirstApp.com.FirstAPP.Beta_Check_Availability_Api)  Time elapsed: 0.502 s  <<< FAILURE!
java.lang.NullPointerException
	at FirstApp.com.FirstAPP.Beta_Check_Availability_Api.Verify_Beta_CheckAvailabilityApi(Beta_Check_Availability_Api.java:70)

