<?xml version="1.0" encoding="UTF-8"?>
<testsuite xmlns:xsi="http://www.w3.org/2001/XMLSchema-instance" xsi:noNamespaceSchemaLocation="https://maven.apache.org/surefire/maven-surefire-plugin/xsd/surefire-test-report-3.0.xsd" version="3.0" name="TestSuite" time="30.875" tests="3" errors="0" skipped="0" failures="1">
  <properties>
[...]
</properties>
  <testcase name="Verify_Beta_Domain_Details_Api" classname="FirstApp.com.FirstAPP.Beta_Domain_Details_Api" time="1.349"/>
  <testcase name="Verify_Beta_CheckAvailabilityApi" classname="FirstApp.com.FirstAPP.Beta_Check_Availability_Api" time="0.502">
    <failure type="java.lang.NullPointerException">java.lang.NullPointerException
	at FirstApp.com.FirstAPP.Beta_Check_Availability_Api.Verify_Beta_CheckAvailabilityApi(Beta_Check_Availability_Api.java:70)
</failure>
    <system-out><![CDATA[Response Time is: 489
Response Body is =>{"status":412,"error":" either business_name or host_name is mandatory","meta":{"request_reference_id":"2db7c02146cea9689ac47d08e7eef948"}}
]]></system-out>
  </testcase>
  <testcase name="Verify_Beta_MobileResponsiveApi" classname="FirstApp.com.FirstAPP.Beta_MobileResponsiveApi" time="28.324"/>
</testsuite>